<?xml version="1.0" encoding="UTF-8"?>
<!-- Generated by org.testng.reporters.JUnitXMLReporter -->
<testsuite ignored="0" hostname="D885319-W10" failures="0" tests="4" name="Test" time="36.744" errors="0" timestamp="2021-09-26T15:59:44 IST">
  <testcase classname="ScratchFramework.HomePageTest" name="basePageNavigation" time="8.657"/>
  <testcase classname="ScratchFramework.HomePageTest" name="basePageNavigation" time="6.487"/>
  <testcase classname="ScratchFramework.validateFooterNavBarTest" name="basePageNavigation" time="0.079"/>
  <testcase classname="ScratchFramework.validateTitleTest" name="basePageNavigation" time="0.03"/>
</testsuite> <!-- Test -->
