<?xml version="1.0" encoding="UTF-8"?>
<testng-results skipped="0" failed="0" ignored="0" total="4" passed="4">
  <reporter-output>
  </reporter-output>
  <suite name="Surefire suite" duration-ms="63942" started-at="2021-09-26T21:20:26 IST" finished-at="2021-09-26T21:21:30 IST">
    <groups>
    </groups>
    <test name="Surefire test" duration-ms="63942" started-at="2021-09-26T21:20:26 IST" finished-at="2021-09-26T21:21:30 IST">
      <class name="ScratchFramework.validateFooterNavBarTest">
        <test-method status="PASS" signature="initialize()[pri:0, instance:ScratchFramework.validateFooterNavBarTest@4b2bac3f]" name="initialize" is-config="true" duration-ms="4969" started-at="2021-09-26T21:20:29 IST" finished-at="2021-09-26T21:20:34 IST">
          <reporter-output>
          </reporter-output>
        </test-method> <!-- initialize -->
        <test-method status="PASS" signature="basePageNavigation()[pri:0, instance:ScratchFramework.validateFooterNavBarTest@4b2bac3f]" name="basePageNavigation" duration-ms="126" started-at="2021-09-26T21:21:17 IST" finished-at="2021-09-26T21:21:17 IST">
          <reporter-output>
          </reporter-output>
        </test-method> <!-- basePageNavigation -->
        <test-method status="PASS" signature="tearDown()[pri:0, instance:ScratchFramework.validateFooterNavBarTest@4b2bac3f]" name="tearDown" is-config="true" duration-ms="4176" started-at="2021-09-26T21:21:22 IST" finished-at="2021-09-26T21:21:26 IST">
          <reporter-output>
          </reporter-output>
        </test-method> <!-- tearDown -->
      </class> <!-- ScratchFramework.validateFooterNavBarTest -->
      <class name="ScratchFramework.HomePageTest">
        <test-method status="PASS" signature="initialize()[pri:0, instance:ScratchFramework.HomePageTest@4d1c00d0]" name="initialize" is-config="true" duration-ms="2913" started-at="2021-09-26T21:20:26 IST" finished-at="2021-09-26T21:20:29 IST">
          <reporter-output>
          </reporter-output>
        </test-method> <!-- initialize -->
        <test-method status="PASS" signature="basePageNavigation(java.lang.String, java.lang.String, java.lang.String)[pri:0, instance:ScratchFramework.HomePageTest@4d1c00d0]" name="basePageNavigation" duration-ms="10358" started-at="2021-09-26T21:20:40 IST" data-provider="getData" finished-at="2021-09-26T21:20:50 IST">
          <params>
            <param index="0">
              <value>
                <![CDATA[nonRestrictedUser@test.com]]>
              </value>
            </param>
            <param index="1">
              <value>
                <![CDATA[123456]]>
              </value>
            </param>
            <param index="2">
              <value>
                <![CDATA[nonRestrictedUser]]>
              </value>
            </param>
          </params>
          <reporter-output>
          </reporter-output>
        </test-method> <!-- basePageNavigation -->
        <test-method status="PASS" signature="basePageNavigation(java.lang.String, java.lang.String, java.lang.String)[pri:0, instance:ScratchFramework.HomePageTest@4d1c00d0]" name="basePageNavigation" duration-ms="27442" started-at="2021-09-26T21:20:50 IST" data-provider="getData" finished-at="2021-09-26T21:21:17 IST">
          <params>
            <param index="0">
              <value>
                <![CDATA[RestrictedUser@test.com]]>
              </value>
            </param>
            <param index="1">
              <value>
                <![CDATA[78954]]>
              </value>
            </param>
            <param index="2">
              <value>
                <![CDATA[restrictedUser]]>
              </value>
            </param>
          </params>
          <reporter-output>
          </reporter-output>
        </test-method> <!-- basePageNavigation -->
        <test-method status="PASS" signature="tearDown()[pri:0, instance:ScratchFramework.HomePageTest@4d1c00d0]" name="tearDown" is-config="true" duration-ms="4182" started-at="2021-09-26T21:21:17 IST" finished-at="2021-09-26T21:21:22 IST">
          <reporter-output>
          </reporter-output>
        </test-method> <!-- tearDown -->
      </class> <!-- ScratchFramework.HomePageTest -->
      <class name="ScratchFramework.validateTitleTest">
        <test-method status="PASS" signature="initialize()[pri:0, instance:ScratchFramework.validateTitleTest@4e08711f]" name="initialize" is-config="true" duration-ms="5546" started-at="2021-09-26T21:20:34 IST" finished-at="2021-09-26T21:20:39 IST">
          <reporter-output>
          </reporter-output>
        </test-method> <!-- initialize -->
        <test-method status="PASS" signature="basePageNavigation()[pri:0, instance:ScratchFramework.validateTitleTest@4e08711f]" name="basePageNavigation" duration-ms="22" started-at="2021-09-26T21:21:17 IST" finished-at="2021-09-26T21:21:17 IST">
          <reporter-output>
          </reporter-output>
        </test-method> <!-- basePageNavigation -->
        <test-method status="PASS" signature="tearDown()[pri:0, instance:ScratchFramework.validateTitleTest@4e08711f]" name="tearDown" is-config="true" duration-ms="4154" started-at="2021-09-26T21:21:26 IST" finished-at="2021-09-26T21:21:30 IST">
          <reporter-output>
          </reporter-output>
        </test-method> <!-- tearDown -->
      </class> <!-- ScratchFramework.validateTitleTest -->
    </test> <!-- Surefire test -->
  </suite> <!-- Surefire suite -->
</testng-results>
