<?xml version="1.0" encoding="UTF-8"?>
<testng-results total="4" passed="4" failed="0" skipped="0">
  <reporter-output>
  </reporter-output>
  <suite started-at="2021-09-18T09:34:13Z" name="Suite" finished-at="2021-09-18T09:34:13Z" duration-ms="13">
    <groups>
    </groups>
    <test started-at="2021-09-18T09:34:13Z" name="Test" finished-at="2021-09-18T09:34:13Z" duration-ms="13">
      <class name="qaclickacademy.Mavenjava.RESTApiTest">
        <test-method signature="deleteSocialMedia()[pri:0, instance:qaclickacademy.Mavenjava.RESTApiTest@402c4085]" started-at="2021-09-18T15:04:13Z" name="deleteSocialMedia" finished-at="2021-09-18T15:04:13Z" duration-ms="6" status="PASS">
          <reporter-output>
          </reporter-output>
        </test-method> <!-- deleteSocialMedia -->
        <test-method signature="postJira()[pri:0, instance:qaclickacademy.Mavenjava.RESTApiTest@402c4085]" started-at="2021-09-18T15:04:13Z" name="postJira" finished-at="2021-09-18T15:04:13Z" duration-ms="0" status="PASS">
          <reporter-output>
          </reporter-output>
        </test-method> <!-- postJira -->
      </class> <!-- qaclickacademy.Mavenjava.RESTApiTest -->
      <class name="qaclickacademy.Mavenjava.AppiumTest">
        <test-method signature="IOSApps()[pri:0, instance:qaclickacademy.Mavenjava.AppiumTest@5386659f]" started-at="2021-09-18T15:04:13Z" name="IOSApps" finished-at="2021-09-18T15:04:13Z" duration-ms="1" status="PASS">
          <reporter-output>
          </reporter-output>
        </test-method> <!-- IOSApps -->
        <test-method signature="nativeAppAndroid()[pri:0, instance:qaclickacademy.Mavenjava.AppiumTest@5386659f]" started-at="2021-09-18T15:04:13Z" name="nativeAppAndroid" finished-at="2021-09-18T15:04:13Z" duration-ms="0" status="PASS">
          <reporter-output>
          </reporter-output>
        </test-method> <!-- nativeAppAndroid -->
      </class> <!-- qaclickacademy.Mavenjava.AppiumTest -->
    </test> <!-- Test -->
  </suite> <!-- Suite -->
</testng-results>
