<?xml version="1.0" encoding="UTF-8"?>
<testng-results total="1" passed="1" failed="0" skipped="0">
  <reporter-output>
  </reporter-output>
  <suite started-at="2021-09-11T15:47:02Z" name="Default suite" finished-at="2021-09-11T15:47:02Z" duration-ms="32">
    <groups>
    </groups>
    <test started-at="2021-09-11T15:47:02Z" name="Default test" finished-at="2021-09-11T15:47:02Z" duration-ms="32">
      <class name="testStream">
        <test-method signature="Assignment()[pri:0, instance:testStream@3b79fd76]" started-at="2021-09-11T21:17:02Z" name="Assignment" finished-at="2021-09-11T21:17:02Z" duration-ms="13" status="PASS">
          <reporter-output>
          </reporter-output>
        </test-method> <!-- Assignment -->
      </class> <!-- testStream -->
    </test> <!-- Default test -->
  </suite> <!-- Default suite -->
</testng-results>
