<?xml version="1.0" encoding="UTF-8"?>
<!-- Generated by org.testng.reporters.JUnitXMLReporter -->
<testsuite hostname="D885319-W10" failures="0" tests="4" name="Test" time="0.013" errors="0" timestamp="18 Sep 2021 09:34:13 GMT">
  <testcase classname="qaclickacademy.Mavenjava.RESTApiTest" name="deleteSocialMedia" time="0.006"/>
  <testcase classname="qaclickacademy.Mavenjava.RESTApiTest" name="postJira" time="0.0"/>
  <testcase classname="qaclickacademy.Mavenjava.AppiumTest" name="IOSApps" time="0.001"/>
  <testcase classname="qaclickacademy.Mavenjava.AppiumTest" name="nativeAppAndroid" time="0.0"/>
</testsuite> <!-- Test -->
