<?xml version="1.0" encoding="UTF-8"?>
<testng-results ignored="0" total="1" passed="1" failed="0" skipped="0">
  <reporter-output>
  </reporter-output>
  <suite started-at="2021-09-25T12:46:47 IST" name="Default suite" finished-at="2021-09-25T12:46:56 IST" duration-ms="9549">
    <groups>
    </groups>
    <test started-at="2021-09-25T12:46:47 IST" name="Default test" finished-at="2021-09-25T12:46:56 IST" duration-ms="9549">
      <class name="testCases.LoginApplication">
        <test-method signature="Login()[pri:0, instance:testCases.LoginApplication@671a5887]" started-at="2021-09-25T12:46:47 IST" name="Login" finished-at="2021-09-25T12:46:56 IST" duration-ms="9499" status="PASS">
          <reporter-output>
          </reporter-output>
        </test-method> <!-- Login -->
      </class> <!-- testCases.LoginApplication -->
    </test> <!-- Default test -->
  </suite> <!-- Default suite -->
</testng-results>
