<?xml version="1.0" encoding="UTF-8"?>
<testng-results ignored="0" total="1" passed="1" failed="0" skipped="0">
  <reporter-output>
  </reporter-output>
  <suite started-at="2021-09-18T21:12:47 IST" name="Default suite" finished-at="2021-09-18T21:12:56 IST" duration-ms="9074">
    <groups>
    </groups>
    <test started-at="2021-09-18T21:12:47 IST" name="Default test" finished-at="2021-09-18T21:12:56 IST" duration-ms="9074">
      <class name="Test.ExtentReports.extentReportDemo">
        <test-method is-config="true" signature="config()[pri:0, instance:Test.ExtentReports.extentReportDemo@2f54a33d]" started-at="2021-09-18T21:12:47 IST" name="config" finished-at="2021-09-18T21:12:47 IST" duration-ms="166" status="PASS">
          <reporter-output>
          </reporter-output>
        </test-method> <!-- config -->
        <test-method signature="initialDemo()[pri:0, instance:Test.ExtentReports.extentReportDemo@2f54a33d]" started-at="2021-09-18T21:12:47 IST" name="initialDemo" finished-at="2021-09-18T21:12:56 IST" duration-ms="8865" status="PASS">
          <reporter-output>
          </reporter-output>
        </test-method> <!-- initialDemo -->
      </class> <!-- Test.ExtentReports.extentReportDemo -->
    </test> <!-- Default test -->
  </suite> <!-- Default suite -->
</testng-results>
