<?xml version="1.0" encoding="UTF-8"?>
<testng-results ignored="0" total="2" passed="2" failed="0" skipped="0">
  <reporter-output>
  </reporter-output>
  <suite started-at="2021-10-01T12:02:32 IST" name="Suite" finished-at="2021-10-01T12:02:56 IST" duration-ms="23891">
    <groups>
    </groups>
    <test started-at="2021-10-01T12:02:32 IST" name="HomePageTest" finished-at="2021-10-01T12:02:56 IST" duration-ms="23891">
      <class name="ScratchFramework.HomePageTest">
        <test-method is-config="true" signature="initialize()[pri:0, instance:ScratchFramework.HomePageTest@6b5966e1]" started-at="2021-10-01T12:02:32 IST" name="initialize" finished-at="2021-10-01T12:02:35 IST" duration-ms="3395" status="PASS">
          <reporter-output>
          </reporter-output>
        </test-method> <!-- initialize -->
        <test-method signature="basePageNavigation(java.lang.String, java.lang.String, java.lang.String)[pri:0, instance:ScratchFramework.HomePageTest@6b5966e1]" started-at="2021-10-01T12:02:35 IST" name="basePageNavigation" data-provider="getData" finished-at="2021-10-01T12:02:45 IST" duration-ms="9449" status="PASS">
          <params>
            <param index="0">
              <value>
                <![CDATA[nonRestrictedUser@test.com]]>
              </value>
            </param>
            <param index="1">
              <value>
                <![CDATA[123456]]>
              </value>
            </param>
            <param index="2">
              <value>
                <![CDATA[nonRestrictedUser]]>
              </value>
            </param>
          </params>
          <reporter-output>
          </reporter-output>
        </test-method> <!-- basePageNavigation -->
        <test-method signature="basePageNavigation(java.lang.String, java.lang.String, java.lang.String)[pri:0, instance:ScratchFramework.HomePageTest@6b5966e1]" started-at="2021-10-01T12:02:45 IST" name="basePageNavigation" data-provider="getData" finished-at="2021-10-01T12:02:52 IST" duration-ms="6876" status="PASS">
          <params>
            <param index="0">
              <value>
                <![CDATA[RestrictedUser@test.com]]>
              </value>
            </param>
            <param index="1">
              <value>
                <![CDATA[78954]]>
              </value>
            </param>
            <param index="2">
              <value>
                <![CDATA[restrictedUser]]>
              </value>
            </param>
          </params>
          <reporter-output>
          </reporter-output>
        </test-method> <!-- basePageNavigation -->
        <test-method is-config="true" signature="tearDown()[pri:0, instance:ScratchFramework.HomePageTest@6b5966e1]" started-at="2021-10-01T12:02:52 IST" name="tearDown" finished-at="2021-10-01T12:02:56 IST" duration-ms="4120" status="PASS">
          <reporter-output>
          </reporter-output>
        </test-method> <!-- tearDown -->
      </class> <!-- ScratchFramework.HomePageTest -->
    </test> <!-- HomePageTest -->
  </suite> <!-- Suite -->
</testng-results>
