<?xml version="1.0" encoding="UTF-8"?>
<!-- Generated by org.testng.reporters.JUnitReportReporter -->
<testsuite hostname="D885319-W10" failures="0" tests="2" name="ScratchFramework.HomePageTest" time="18.311" errors="0" timestamp="2021-10-01T12:04:23 IST" skipped="0">
  <testcase classname="ScratchFramework.HomePageTest" name="basePageNavigation" time="6.603"/>
  <system-out/>
  <testcase classname="ScratchFramework.HomePageTest" name="basePageNavigation" time="11.708"/>
  <system-out/>
</testsuite> <!-- ScratchFramework.HomePageTest -->
