<?xml version="1.0" encoding="UTF-8"?>
<testng-results skipped="0" failed="0" ignored="0" total="1" passed="1">
  <reporter-output>
  </reporter-output>
  <suite name="Surefire suite" duration-ms="45" started-at="2021-09-26T15:22:49 IST" finished-at="2021-09-26T15:22:49 IST">
    <groups>
    </groups>
    <test name="Surefire test" duration-ms="45" started-at="2021-09-26T15:22:49 IST" finished-at="2021-09-26T15:22:49 IST">
      <class name="ScratchFramework.AppTest">
        <test-method status="PASS" signature="shouldAnswerWithTrue()" name="shouldAnswerWithTrue" duration-ms="6" started-at="2021-09-26T15:22:49 IST" finished-at="2021-09-26T15:22:49 IST">
          <reporter-output>
          </reporter-output>
        </test-method> <!-- shouldAnswerWithTrue -->
      </class> <!-- ScratchFramework.AppTest -->
    </test> <!-- Surefire test -->
  </suite> <!-- Surefire suite -->
</testng-results>
