<?xml version="1.0" encoding="UTF-8"?>
<!-- Generated by org.testng.reporters.JUnitXMLReporter -->
<testsuite hostname="D885319-W10" ignored="0" name="Surefire test" tests="4" failures="0" timestamp="2021-09-26T21:21:30 IST" time="63.942" errors="0">
  <testcase name="basePageNavigation" time="10.358" classname="ScratchFramework.HomePageTest"/>
  <testcase name="basePageNavigation" time="27.442" classname="ScratchFramework.HomePageTest"/>
  <testcase name="basePageNavigation" time="0.126" classname="ScratchFramework.validateFooterNavBarTest"/>
  <testcase name="basePageNavigation" time="0.022" classname="ScratchFramework.validateTitleTest"/>
</testsuite> <!-- Surefire test -->
