<?xml version="1.0" encoding="UTF-8"?>
<!-- Generated by org.testng.reporters.JUnitXMLReporter -->
<testsuite ignored="1" hostname="D885319-W10" failures="1" tests="9" name="personal loan" time="0.082" errors="0" timestamp="2021-09-17T14:11:21 IST">
  <testcase classname="test.Bsics" name="Demo" time="0.004"/>
  <testcase classname="test.day1" name="Demo2" time="0.007"/>
  <testcase classname="test.day1" name="testListener" time="0.007">
    <failure type="java.lang.AssertionError" message="expected [true] but found [false]">
      <![CDATA[java.lang.AssertionError: expected [true] but found [false]
at test.day1.testListener(day1.java:23)
at java.base/java.util.ArrayList.forEach(ArrayList.java:1511)
at java.base/java.util.concurrent.FutureTask.run(FutureTask.java:264)
at java.base/java.util.concurrent.ThreadPoolExecutor.runWorker(ThreadPoolExecutor.java:1130)
at java.base/java.util.concurrent.ThreadPoolExecutor$Worker.run(ThreadPoolExecutor.java:630)
at java.base/java.lang.Thread.run(Thread.java:831)
... Removed 22 stack frames]]>
    </failure>
  </testcase> <!-- testListener -->
  <testcase classname="test.day3" name="loginAPI_homeLoan" time="0.002"/>
  <testcase classname="test.day3" name="mobileLogin" time="0.002"/>
  <testcase classname="test.day3" name="mobileLogin" time="0.002"/>
  <testcase classname="test.day3" name="mobileLogin" time="0.002"/>
  <testcase classname="test.day3" name="mobileLogin_homeLoan" time="0.002"/>
  <testcase classname="test.day3" name="webLogin_homeLoan" time="0.001"/>
  <testcase classname="test.day1" name="Demo" time="0.0">
    <ignored/>
  </testcase> <!-- Demo -->
</testsuite> <!-- personal loan -->
