<?xml version="1.0" encoding="UTF-8"?>
<!-- Generated by org.testng.reporters.JUnitXMLReporter -->
<testsuite ignored="7" hostname="D885319-W10" failures="0" tests="3" name="Regression" time="0.049" errors="0" timestamp="2021-09-14T13:06:32 IST">
  <testcase classname="test.day3" name="loginAPI_homeLoan" time="0.009"/>
  <testcase classname="test.day1" name="Demo2" time="0.001"/>
  <testcase classname="test.day2" name="webLogin_carLoan" time="0.001"/>
  <testcase classname="test.day2" name="loginAPI_carLoan" time="0.0">
    <ignored/>
  </testcase> <!-- loginAPI_carLoan -->
  <testcase classname="test.day3" name="webLogin_homeLoan" time="0.0">
    <ignored/>
  </testcase> <!-- webLogin_homeLoan -->
  <testcase classname="test.day3" name="mobileLogin_homeLoan" time="0.0">
    <ignored/>
  </testcase> <!-- mobileLogin_homeLoan -->
  <testcase classname="test.Bsics" name="Demo" time="0.0">
    <ignored/>
  </testcase> <!-- Demo -->
  <testcase classname="test.day2" name="mobileLogin_carLoan" time="0.0">
    <ignored/>
  </testcase> <!-- mobileLogin_carLoan -->
  <testcase classname="test.day3" name="mobileLogin" time="0.0">
    <ignored/>
  </testcase> <!-- mobileLogin -->
  <testcase classname="test.day1" name="Demo" time="0.0">
    <ignored/>
  </testcase> <!-- Demo -->
</testsuite> <!-- Regression -->
